Determining if the pthread_create exist failed with the following output:
Change Dir: /home/adrii/talos_public_ws/build/astronaut_controllers/CMakeFiles/CMakeTmp

Run Build Command:"/usr/bin/make" "cmTC_a917d/fast"
/usr/bin/make -f CMakeFiles/cmTC_a917d.dir/build.make CMakeFiles/cmTC_a917d.dir/build
make[1]: se entra en el directorio '/home/adrii/talos_public_ws/build/astronaut_controllers/CMakeFiles/CMakeTmp'
Building C object CMakeFiles/cmTC_a917d.dir/CheckSymbolExists.c.o
/usr/bin/cc     -o CMakeFiles/cmTC_a917d.dir/CheckSymbolExists.c.o   -c /home/adrii/talos_public_ws/build/astronaut_controllers/CMakeFiles/CMakeTmp/CheckSymbolExists.c
Linking C executable cmTC_a917d
/usr/bin/cmake -E cmake_link_script CMakeFiles/cmTC_a917d.dir/link.txt --verbose=1
/usr/bin/cc       CMakeFiles/cmTC_a917d.dir/CheckSymbolExists.c.o  -o cmTC_a917d -rdynamic 
CMakeFiles/cmTC_a917d.dir/CheckSymbolExists.c.o: En la funci√≥n `main':
CheckSymbolExists.c:(.text+0x16): referencia a `pthread_create' sin definir
collect2: error: ld returned 1 exit status
CMakeFiles/cmTC_a917d.dir/build.make:97: fallo en las instrucciones para el objetivo 'cmTC_a917d'
make[1]: *** [cmTC_a917d] Error 1
make[1]: se sale del directorio '/home/adrii/talos_public_ws/build/astronaut_controllers/CMakeFiles/CMakeTmp'
Makefile:126: fallo en las instrucciones para el objetivo 'cmTC_a917d/fast'
make: *** [cmTC_a917d/fast] Error 2

File /home/adrii/talos_public_ws/build/astronaut_controllers/CMakeFiles/CMakeTmp/CheckSymbolExists.c:
/* */
#include <pthread.h>

int main(int argc, char** argv)
{
  (void)argv;
#ifndef pthread_create
  return ((int*)(&pthread_create))[argc];
#else
  (void)argc;
  return 0;
#endif
}

Determining if the function pthread_create exists in the pthreads failed with the following output:
Change Dir: /home/adrii/talos_public_ws/build/astronaut_controllers/CMakeFiles/CMakeTmp

Run Build Command:"/usr/bin/make" "cmTC_01f22/fast"
/usr/bin/make -f CMakeFiles/cmTC_01f22.dir/build.make CMakeFiles/cmTC_01f22.dir/build
make[1]: se entra en el directorio '/home/adrii/talos_public_ws/build/astronaut_controllers/CMakeFiles/CMakeTmp'
Building C object CMakeFiles/cmTC_01f22.dir/CheckFunctionExists.c.o
/usr/bin/cc    -DCHECK_FUNCTION_EXISTS=pthread_create   -o CMakeFiles/cmTC_01f22.dir/CheckFunctionExists.c.o   -c /usr/share/cmake-3.5/Modules/CheckFunctionExists.c
Linking C executable cmTC_01f22
/usr/bin/cmake -E cmake_link_script CMakeFiles/cmTC_01f22.dir/link.txt --verbose=1
/usr/bin/cc   -DCHECK_FUNCTION_EXISTS=pthread_create    CMakeFiles/cmTC_01f22.dir/CheckFunctionExists.c.o  -o cmTC_01f22 -rdynamic -lpthreads 
/usr/bin/ld: no se puede encontrar -lpthreads
collect2: error: ld returned 1 exit status
CMakeFiles/cmTC_01f22.dir/build.make:97: fallo en las instrucciones para el objetivo 'cmTC_01f22'
make[1]: *** [cmTC_01f22] Error 1
make[1]: se sale del directorio '/home/adrii/talos_public_ws/build/astronaut_controllers/CMakeFiles/CMakeTmp'
Makefile:126: fallo en las instrucciones para el objetivo 'cmTC_01f22/fast'
make: *** [cmTC_01f22/fast] Error 2


